2020-07-08 16:46:08.231  INFO 10524 --- [restartedMain] com.bjtl.LogManagementApplication        : Starting LogManagementApplication on DESKTOP-NGHNBAU with PID 10524 (E:\Work\IDEAWordSpace\LogManagement\target\classes started by Administrator in E:\Work\IDEAWordSpace\LogManagement)
2020-07-08 16:46:08.667  INFO 10524 --- [restartedMain] com.bjtl.LogManagementApplication        : No active profile set, falling back to default profiles: default
2020-07-08 16:46:10.192  INFO 10524 --- [restartedMain] ConfigServletWebServerApplicationContext : Refreshing org.springframework.boot.web.servlet.context.AnnotationConfigServletWebServerApplicationContext@9761ed5: startup date [Wed Jul 08 16:46:10 CST 2020]; root of context hierarchy
2020-07-08 16:46:26.544  INFO 10524 --- [restartedMain] .s.d.r.c.RepositoryConfigurationDelegate : Multiple Spring Data modules found, entering strict repository configuration mode!
2020-07-08 16:46:27.661  WARN 10524 --- [restartedMain] o.m.s.mapper.ClassPathMapperScanner      : No MyBatis mapper was found in '[com.bjtl]' package. Please check your configuration.
2020-07-08 16:46:31.299  INFO 10524 --- [restartedMain] trationDelegate$BeanPostProcessorChecker : Bean 'org.springframework.transaction.annotation.ProxyTransactionManagementConfiguration' of type [org.springframework.transaction.annotation.ProxyTransactionManagementConfiguration$$EnhancerBySpringCGLIB$$a5b72eb3] is not eligible for getting processed by all BeanPostProcessors (for example: not eligible for auto-proxying)
2020-07-08 16:46:36.599  INFO 10524 --- [restartedMain] o.s.b.w.embedded.tomcat.TomcatWebServer  : Tomcat initialized with port(s): 8080 (http)
2020-07-08 16:46:36.735  INFO 10524 --- [restartedMain] o.apache.catalina.core.StandardService   : Starting service [Tomcat]
2020-07-08 16:46:36.739  INFO 10524 --- [restartedMain] org.apache.catalina.core.StandardEngine  : Starting Servlet Engine: Apache Tomcat/8.5.32
2020-07-08 16:46:36.769  INFO 10524 --- [localhost-startStop-1] o.a.catalina.core.AprLifecycleListener   : The APR based Apache Tomcat Native library which allows optimal performance in production environments was not found on the java.library.path: [E:\Java\bin;C:\Windows\Sun\Java\bin;C:\Windows\system32;C:\Windows;E:\SoftWare\XShell\;E:\SoftWare\Xftp\;E:\app\Administrator\product\11.2.0\dbhome_1\bin;C:\ProgramData\Oracle\Java\javapath;C:\Windows\system32;C:\Windows;C:\Windows\System32\Wbem;C:\Windows\System32\WindowsPowerShell\v1.0\;C:\Windows\System32\OpenSSH\;E:\SoftWare\Git\Git\cmd;E:\Java\bin;E:\SoftWare\Maven\apache-maven-3.6.3\bin;E:\SoftWare\node.js\;E:\SoftWare\node.js\node_global;E:\SoftWare\python;C:\Users\Administrator\AppData\Local\Microsoft\WindowsApps;C:\Program Files\Bandizip\;E:\SoftWare\WebStrom\WebStorm 2020.1.2\bin;;C:\Users\Administrator\AppData\Roaming\npm;E:\SoftWare\IntelliJ IDEA 2019.3.3\bin;;.]
2020-07-08 16:46:37.758  INFO 10524 --- [localhost-startStop-1] o.a.c.c.C.[.[.[/LogManagement]           : Initializing Spring embedded WebApplicationContext
2020-07-08 16:46:37.760  INFO 10524 --- [localhost-startStop-1] o.s.web.context.ContextLoader            : Root WebApplicationContext: initialization completed in 27568 ms
2020-07-08 16:46:39.542  INFO 10524 --- [localhost-startStop-1] o.s.b.w.servlet.ServletRegistrationBean  : Servlet dispatcherServlet mapped to [/]
2020-07-08 16:46:39.587  INFO 10524 --- [localhost-startStop-1] o.s.b.w.servlet.FilterRegistrationBean   : Mapping filter: 'characterEncodingFilter' to: [/*]
2020-07-08 16:46:39.599  INFO 10524 --- [localhost-startStop-1] o.s.b.w.servlet.FilterRegistrationBean   : Mapping filter: 'hiddenHttpMethodFilter' to: [/*]
2020-07-08 16:46:39.610  INFO 10524 --- [localhost-startStop-1] o.s.b.w.servlet.FilterRegistrationBean   : Mapping filter: 'httpPutFormContentFilter' to: [/*]
2020-07-08 16:46:39.614  INFO 10524 --- [localhost-startStop-1] o.s.b.w.servlet.FilterRegistrationBean   : Mapping filter: 'requestContextFilter' to: [/*]
2020-07-08 16:46:39.919  WARN 10524 --- [restartedMain] ConfigServletWebServerApplicationContext : Exception encountered during context initialization - cancelling refresh attempt: org.springframework.beans.factory.BeanCreationException: Error creating bean with name 'elasticSearchConfig': Injection of autowired dependencies failed; nested exception is java.lang.IllegalArgumentException: Could not resolve placeholder 'ES.port' in value "${ES.port}"
2020-07-08 16:46:39.958  INFO 10524 --- [restartedMain] o.apache.catalina.core.StandardService   : Stopping service [Tomcat]
2020-07-08 16:55:46.365  INFO 14140 --- [restartedMain] com.bjtl.LogManagementApplication        : Starting LogManagementApplication on DESKTOP-NGHNBAU with PID 14140 (E:\Work\IDEAWordSpace\LogManagement\target\classes started by Administrator in E:\Work\IDEAWordSpace\LogManagement)
2020-07-08 16:55:46.387  INFO 14140 --- [restartedMain] com.bjtl.LogManagementApplication        : No active profile set, falling back to default profiles: default
2020-07-08 16:55:46.752  INFO 14140 --- [restartedMain] ConfigServletWebServerApplicationContext : Refreshing org.springframework.boot.web.servlet.context.AnnotationConfigServletWebServerApplicationContext@4d9a3557: startup date [Wed Jul 08 16:55:46 CST 2020]; root of context hierarchy
2020-07-08 16:55:51.565  INFO 14140 --- [restartedMain] .s.d.r.c.RepositoryConfigurationDelegate : Multiple Spring Data modules found, entering strict repository configuration mode!
2020-07-08 16:55:52.732  WARN 14140 --- [restartedMain] o.m.s.mapper.ClassPathMapperScanner      : No MyBatis mapper was found in '[com.bjtl]' package. Please check your configuration.
2020-07-08 16:55:55.240  INFO 14140 --- [restartedMain] trationDelegate$BeanPostProcessorChecker : Bean 'org.springframework.transaction.annotation.ProxyTransactionManagementConfiguration' of type [org.springframework.transaction.annotation.ProxyTransactionManagementConfiguration$$EnhancerBySpringCGLIB$$dfb3765] is not eligible for getting processed by all BeanPostProcessors (for example: not eligible for auto-proxying)
2020-07-08 16:56:03.185  INFO 14140 --- [restartedMain] o.s.b.w.embedded.tomcat.TomcatWebServer  : Tomcat initialized with port(s): 8081 (http)
2020-07-08 16:56:03.347  INFO 14140 --- [restartedMain] o.apache.catalina.core.StandardService   : Starting service [Tomcat]
2020-07-08 16:56:03.349  INFO 14140 --- [restartedMain] org.apache.catalina.core.StandardEngine  : Starting Servlet Engine: Apache Tomcat/8.5.32
2020-07-08 16:56:03.370  INFO 14140 --- [localhost-startStop-1] o.a.catalina.core.AprLifecycleListener   : The APR based Apache Tomcat Native library which allows optimal performance in production environments was not found on the java.library.path: [E:\Java\bin;C:\Windows\Sun\Java\bin;C:\Windows\system32;C:\Windows;E:\SoftWare\XShell\;E:\SoftWare\Xftp\;E:\app\Administrator\product\11.2.0\dbhome_1\bin;C:\ProgramData\Oracle\Java\javapath;C:\Windows\system32;C:\Windows;C:\Windows\System32\Wbem;C:\Windows\System32\WindowsPowerShell\v1.0\;C:\Windows\System32\OpenSSH\;E:\SoftWare\Git\Git\cmd;E:\Java\bin;E:\SoftWare\Maven\apache-maven-3.6.3\bin;E:\SoftWare\node.js\;E:\SoftWare\node.js\node_global;E:\SoftWare\python;C:\Users\Administrator\AppData\Local\Microsoft\WindowsApps;C:\Program Files\Bandizip\;E:\SoftWare\WebStrom\WebStorm 2020.1.2\bin;;C:\Users\Administrator\AppData\Roaming\npm;E:\SoftWare\IntelliJ IDEA 2019.3.3\bin;;.]
2020-07-08 16:56:04.653  INFO 14140 --- [localhost-startStop-1] o.a.c.c.C.[.[.[/LogManagement]           : Initializing Spring embedded WebApplicationContext
2020-07-08 16:56:04.665  INFO 14140 --- [localhost-startStop-1] o.s.web.context.ContextLoader            : Root WebApplicationContext: initialization completed in 17913 ms
2020-07-08 16:56:05.781  INFO 14140 --- [localhost-startStop-1] o.s.b.w.servlet.ServletRegistrationBean  : Servlet dispatcherServlet mapped to [/]
2020-07-08 16:56:05.823  INFO 14140 --- [localhost-startStop-1] o.s.b.w.servlet.FilterRegistrationBean   : Mapping filter: 'characterEncodingFilter' to: [/*]
2020-07-08 16:56:05.827  INFO 14140 --- [localhost-startStop-1] o.s.b.w.servlet.FilterRegistrationBean   : Mapping filter: 'hiddenHttpMethodFilter' to: [/*]
2020-07-08 16:56:05.829  INFO 14140 --- [localhost-startStop-1] o.s.b.w.servlet.FilterRegistrationBean   : Mapping filter: 'httpPutFormContentFilter' to: [/*]
2020-07-08 16:56:05.831  INFO 14140 --- [localhost-startStop-1] o.s.b.w.servlet.FilterRegistrationBean   : Mapping filter: 'requestContextFilter' to: [/*]
2020-07-08 16:56:06.145  WARN 14140 --- [restartedMain] ConfigServletWebServerApplicationContext : Exception encountered during context initialization - cancelling refresh attempt: org.springframework.beans.factory.BeanCreationException: Error creating bean with name 'elasticSearchConfig': Injection of autowired dependencies failed; nested exception is java.lang.IllegalArgumentException: Could not resolve placeholder 'ES.port' in value "${ES.port}"
2020-07-08 16:56:06.164  INFO 14140 --- [restartedMain] o.apache.catalina.core.StandardService   : Stopping service [Tomcat]
